<?xml version="1.0" encoding="UTF-8"?>
<testsuite name="co.com.ceiba.parqueadero.BackendParqueaderoApplicationTests" tests="1" skipped="0" failures="0" errors="0" timestamp="2018-08-27T21:47:37" hostname="JHONATAN-ROJAS" time="0.006">
  <properties/>
  <testcase name="contextLoads" classname="co.com.ceiba.parqueadero.BackendParqueaderoApplicationTests" time="0.006"/>
  <system-out><![CDATA[2018-08-27 16:47:37.179  INFO 10412 --- [    Test worker] .b.t.c.SpringBootTestContextBootstrapper : Neither @ContextConfiguration nor @ContextHierarchy found for test class [co.com.ceiba.parqueadero.BackendParqueaderoApplicationTests], using SpringBootContextLoader
2018-08-27 16:47:37.181  INFO 10412 --- [    Test worker] o.s.t.c.support.AbstractContextLoader    : Could not detect default resource locations for test class [co.com.ceiba.parqueadero.BackendParqueaderoApplicationTests]: no resource found for suffixes {-context.xml, Context.groovy}.
2018-08-27 16:47:37.182  INFO 10412 --- [    Test worker] t.c.s.AnnotationConfigContextLoaderUtils : Could not detect default configuration classes for test class [co.com.ceiba.parqueadero.BackendParqueaderoApplicationTests]: BackendParqueaderoApplicationTests does not declare any static, non-private, non-final, nested classes annotated with @Configuration.
2018-08-27 16:47:37.194  INFO 10412 --- [    Test worker] .b.t.c.SpringBootTestContextBootstrapper : Found @SpringBootConfiguration co.com.ceiba.parqueadero.BackendParqueaderoApplication for test class co.com.ceiba.parqueadero.BackendParqueaderoApplicationTests
2018-08-27 16:47:37.203  INFO 10412 --- [    Test worker] .b.t.c.SpringBootTestContextBootstrapper : Loaded default TestExecutionListener class names from location [META-INF/spring.factories]: [org.springframework.boot.test.autoconfigure.restdocs.RestDocsTestExecutionListener, org.springframework.boot.test.autoconfigure.web.client.MockRestServiceServerResetTestExecutionListener, org.springframework.boot.test.autoconfigure.web.servlet.MockMvcPrintOnlyOnFailureTestExecutionListener, org.springframework.boot.test.autoconfigure.web.servlet.WebDriverTestExecutionListener, org.springframework.boot.test.mock.mockito.MockitoTestExecutionListener, org.springframework.boot.test.mock.mockito.ResetMocksTestExecutionListener, org.springframework.test.context.web.ServletTestExecutionListener, org.springframework.test.context.support.DirtiesContextBeforeModesTestExecutionListener, org.springframework.test.context.support.DependencyInjectionTestExecutionListener, org.springframework.test.context.support.DirtiesContextTestExecutionListener, org.springframework.test.context.transaction.TransactionalTestExecutionListener, org.springframework.test.context.jdbc.SqlScriptsTestExecutionListener]
2018-08-27 16:47:37.204  INFO 10412 --- [    Test worker] .b.t.c.SpringBootTestContextBootstrapper : Using TestExecutionListeners: [org.springframework.test.context.web.ServletTestExecutionListener@6f20de4b, org.springframework.test.context.support.DirtiesContextBeforeModesTestExecutionListener@2d18f8a6, org.springframework.boot.test.mock.mockito.MockitoTestExecutionListener@13707434, org.springframework.boot.test.autoconfigure.SpringBootDependencyInjectionTestExecutionListener@4c46af29, org.springframework.test.context.support.DirtiesContextTestExecutionListener@257df26c, org.springframework.test.context.transaction.TransactionalTestExecutionListener@4f4af3ad, org.springframework.test.context.jdbc.SqlScriptsTestExecutionListener@5f0bffa4, org.springframework.boot.test.autoconfigure.restdocs.RestDocsTestExecutionListener@264d3c8b, org.springframework.boot.test.autoconfigure.web.client.MockRestServiceServerResetTestExecutionListener@6ce954bc, org.springframework.boot.test.autoconfigure.web.servlet.MockMvcPrintOnlyOnFailureTestExecutionListener@74260517, org.springframework.boot.test.autoconfigure.web.servlet.WebDriverTestExecutionListener@745032e8, org.springframework.boot.test.mock.mockito.ResetMocksTestExecutionListener@3b36f18d]
]]></system-out>
  <system-err><![CDATA[]]></system-err>
</testsuite>
